Connecting to server at server.slsknet.org:2416
Connected to server at server.slsknet.org:2416
Logging in as insane_in_the_brain2
0000  54 00 00 00 xx xx xx xx  xx xx xx xx xx xx xx xx   T...
starting listener on port 2234
[84, 0, 0, 0]
[1, 0, 0, 0, 20, 0, 0, 0, 105, 110, 115, 97, 110, 101, 95, 105, 110, 95, 116, 104, 101, 95, 98, 114,
 97, 105, 110, 50, 8, 0, 0, 0, 49, 51, 51, 55, 53, 49, 51, 55, 157, 0, 0, 0, 32, 0, 0, 0, 50, 101, 1
00, 102, 53, 49, 100, 48, 51, 55, 57, 52, 51, 55, 56, 102, 56, 98, 98, 54, 51, 49, 48, 100, 52, 54, 
48, 99, 50, 50, 98, 49, 100, 0, 0, 0]
extract_message: got 1024 bytes, next message length = 54
Received message: 1
message with code: 1
Login successful
Server geeting: ""
extract_message: got 3920 bytes, next message length = 3515
Received message: 64
message with code: 64
extract_message: got 1429 bytes, next message length = 12
Received message: 83
message with code: 83
Parent min speed: 1
extract_message: got 2441 bytes, next message length = 12
Received message: 84
message with code: 84
Parent min speed: 50
extract_message: got 3453 bytes, next message length = 12
Received message: 104
message with code: 104
Wishlist search interval: 720 in seconds
extract_message: got 30434 bytes, next message length = 30364
Received message: 69
message with code: 69
Number of privilaged users: 2277
Stream state: connected=true
extract_message: got 126 bytes, next message length = 70
Received message: 160
message with code: 160
Excluded search phrases: ["bryan adams", "from zero", "housezzz", "village people"]
extract_message: got 102 bytes, next message length = 56
Received message: 18
message with code: 18
Handling ConnectToPeer message
extract_message: got 94 bytes, next message length = 46
Received message: 18
message with code: 18
Handling ConnectToPeer message
extract_message: got 90 bytes, next message length = 48
Received message: 18
message with code: 18
Handling ConnectToPeer message
extract_message: got 86 bytes, next message length = 42
Received message: 18
message with code: 18
Handling ConnectToPeer message
Stream state: connected=true
extract_message: got 89 bytes, next message length = 44
Received message: 18
message with code: 18
Handling ConnectToPeer message
Stream state: connected=true
extract_message: got 93 bytes, next message length = 45
Received message: 18
message with code: 18
Handling ConnectToPeer message
extract_message: got 95 bytes, next message length = 48
Received message: 18
message with code: 18
Handling ConnectToPeer message
extract_message: got 94 bytes, next message length = 47
Received message: 18
message with code: 18
Handling ConnectToPeer message
Logged in as insane_in_the_brain2
[35, 0, 0, 0, 1, 0, 0, 0, 1, 0, 0, 0]
Stream state: connected=true
[2, 0, 0, 0, 186, 8, 0, 0]
extract_message: got 94 bytes, next message length = 47
Received message: 18
message with code: 18
Handling ConnectToPeer message
extract_message: got 89 bytes, next message length = 47
Received message: 18
message with code: 18
Handling ConnectToPeer message
[71, 0, 0, 0, 1, 0, 0, 0]
extract_message: got 96 bytes, next message length = 42
Received message: 18
message with code: 18
Handling ConnectToPeer message
extract_message: got 101 bytes, next message length = 54
Received message: 18
message with code: 18
Handling ConnectToPeer message
extract_message: got 100 bytes, next message length = 47
Received message: 18
message with code: 18
Handling ConnectToPeer message
Stream state: connected=true
[28, 0, 0, 0, 2, 0, 0, 0]
extract_message: got 104 bytes, next message length = 53
Received message: 18
message with code: 18
Handling ConnectToPeer message
Searching for beach boys
Token: ad3681d6
[26, 0, 0, 0, 86, 183, 88, 35, 10, 0, 0, 0, 116, 114, 97, 110, 99, 101, 32, 119, 97, 120]
extract_message: got 101 bytes, next message length = 51
Received message: 18
message with code: 18
Handling ConnectToPeer message
extract_message: got 50 bytes, next message length = 50
Received message: 18
message with code: 18
Handling ConnectToPeer message
Stream state: connected=true
Stream state: connected=true
Stream state: connected=true
Stream state: connected=true
Stream state: connected=true
Stream state: connected=true
Stream state: connected=true
Stream state: connected=true
Stream state: connected=true
Stream state: connected=true
Stream state: connected=true
server Server { address: ServerAddress { host: "server.slsknet.org", port: 2416 }, sender: Sender { 
.. }, context: Mutex { data: Context { logged_in: Some(true), user_messages: {}, rooms: Rooms { publ
ic_rooms: [], owned_private_rooms: [], private_rooms: [], operated_private_rooms: [] } }, poisoned: 
false, .. }, read_handle: Some(JoinHandle { .. }), monitor_handle: Some(JoinHandle { .. }), write_ha
ndle: Some(JoinHandle { .. }) }
